<?xml version="1.0" encoding="UTF-8"?>
<testsuite name="com.polidea.rxandroidble.internal.operations.OperationCharacteristicLongWriteTest" tests="35" skipped="0" failures="0" errors="0" timestamp="2023-03-07T00:08:17" hostname="Desk-James" time="0.154">
  <properties/>
  <testcase name="should call BluetoothGattCharacteristic.setValue() before calling BluetoothGatt.writeCharacteristic()" classname="com.polidea.rxandroidble.internal.operations.OperationCharacteristicLongWriteTest" time="0.021"/>
  <testcase name="should not call BluetoothGattCharacteristic.setValue() with proper parts not longer than maxBatchSize[0]" classname="com.polidea.rxandroidble.internal.operations.OperationCharacteristicLongWriteTest" time="0.03"/>
  <testcase name="should not call BluetoothGattCharacteristic.setValue() with proper parts not longer than maxBatchSize[1]" classname="com.polidea.rxandroidble.internal.operations.OperationCharacteristicLongWriteTest" time="0.001"/>
  <testcase name="should not call BluetoothGattCharacteristic.setValue() with proper parts not longer than maxBatchSize[2]" classname="com.polidea.rxandroidble.internal.operations.OperationCharacteristicLongWriteTest" time="0.001"/>
  <testcase name="should not call BluetoothGattCharacteristic.setValue() with proper parts not longer than maxBatchSize[3]" classname="com.polidea.rxandroidble.internal.operations.OperationCharacteristicLongWriteTest" time="0.001"/>
  <testcase name="should not call BluetoothGattCharacteristic.setValue() with proper parts not longer than maxBatchSize[4]" classname="com.polidea.rxandroidble.internal.operations.OperationCharacteristicLongWriteTest" time="0.052"/>
  <testcase name="asObservable() should not emit error when BluetoothGatt.writeCharacteristic() returns true every time" classname="com.polidea.rxandroidble.internal.operations.OperationCharacteristicLongWriteTest" time="0.0"/>
  <testcase name="asObservable() should emit error when BluetoothGatt.writeCharacteristic() returns false at any time[0]" classname="com.polidea.rxandroidble.internal.operations.OperationCharacteristicLongWriteTest" time="0.003"/>
  <testcase name="asObservable() should emit error when BluetoothGatt.writeCharacteristic() returns false at any time[1]" classname="com.polidea.rxandroidble.internal.operations.OperationCharacteristicLongWriteTest" time="0.001"/>
  <testcase name="asObservable() should emit error when BluetoothGatt.writeCharacteristic() returns false at any time[2]" classname="com.polidea.rxandroidble.internal.operations.OperationCharacteristicLongWriteTest" time="0.001"/>
  <testcase name="asObservable() should emit error when BluetoothGatt.onCharacteristicWrite() emits error at any time[0]" classname="com.polidea.rxandroidble.internal.operations.OperationCharacteristicLongWriteTest" time="0.002"/>
  <testcase name="asObservable() should emit error when BluetoothGatt.onCharacteristicWrite() emits error at any time[1]" classname="com.polidea.rxandroidble.internal.operations.OperationCharacteristicLongWriteTest" time="0.001"/>
  <testcase name="asObservable() should emit error when BluetoothGatt.onCharacteristicWrite() emits error at any time[2]" classname="com.polidea.rxandroidble.internal.operations.OperationCharacteristicLongWriteTest" time="0.0"/>
  <testcase name="should not subscribe to RxBleGattCallback.onCharacteristicWrite() before run()" classname="com.polidea.rxandroidble.internal.operations.OperationCharacteristicLongWriteTest" time="0.001"/>
  <testcase name="should complete part of the write if RxBleGattCallback.onCharacteristicWrite() will be called with proper characteristic" classname="com.polidea.rxandroidble.internal.operations.OperationCharacteristicLongWriteTest" time="0.003"/>
  <testcase name="should attempt to write next batch after the previous has completed and has been acknowledged - no retry strategy" classname="com.polidea.rxandroidble.internal.operations.OperationCharacteristicLongWriteTest" time="0.006"/>
  <testcase name="should not attempt to write next batch or rewrite after the previous has failed - no retry strategy" classname="com.polidea.rxandroidble.internal.operations.OperationCharacteristicLongWriteTest" time="0.001"/>
  <testcase name="attempt to rewrite the failed batch if the strategy has emitted the LongWriteFailure - first batch" classname="com.polidea.rxandroidble.internal.operations.OperationCharacteristicLongWriteTest" time="0.006"/>
  <testcase name="attempt to rewrite the failed batch if the strategy has emitted the LongWriteFailure - mid batch" classname="com.polidea.rxandroidble.internal.operations.OperationCharacteristicLongWriteTest" time="0.003"/>
  <testcase name="attempt to rewrite the failed batch if the strategy has emitted the LongWriteFailure - last batch" classname="com.polidea.rxandroidble.internal.operations.OperationCharacteristicLongWriteTest" time="0.003"/>
  <testcase name="attempt to rewrite the failed batch if the strategy has emitted the LongWriteFailure - last batch, uneven count" classname="com.polidea.rxandroidble.internal.operations.OperationCharacteristicLongWriteTest" time="0.003"/>
  <testcase name="should release QueueReleaseInterface after successful write" classname="com.polidea.rxandroidble.internal.operations.OperationCharacteristicLongWriteTest" time="0.001"/>
  <testcase name="should release QueueReleaseInterface when write failed to start[0]" classname="com.polidea.rxandroidble.internal.operations.OperationCharacteristicLongWriteTest" time="0.0"/>
  <testcase name="should release QueueReleaseInterface when write failed to start[1]" classname="com.polidea.rxandroidble.internal.operations.OperationCharacteristicLongWriteTest" time="0.001"/>
  <testcase name="should release QueueReleaseInterface when write failed to start[2]" classname="com.polidea.rxandroidble.internal.operations.OperationCharacteristicLongWriteTest" time="0.0"/>
  <testcase name="should release QueueReleaseInterface when write failed[0]" classname="com.polidea.rxandroidble.internal.operations.OperationCharacteristicLongWriteTest" time="0.001"/>
  <testcase name="should release QueueReleaseInterface when write failed[1]" classname="com.polidea.rxandroidble.internal.operations.OperationCharacteristicLongWriteTest" time="0.0"/>
  <testcase name="should release QueueReleaseInterface when write failed[2]" classname="com.polidea.rxandroidble.internal.operations.OperationCharacteristicLongWriteTest" time="0.001"/>
  <testcase name="should timeout if RxBleGattCallback.onCharacteristicWrite() won't trigger in 30 seconds[0]" classname="com.polidea.rxandroidble.internal.operations.OperationCharacteristicLongWriteTest" time="0.005"/>
  <testcase name="should timeout if RxBleGattCallback.onCharacteristicWrite() won't trigger in 30 seconds[1]" classname="com.polidea.rxandroidble.internal.operations.OperationCharacteristicLongWriteTest" time="0.001"/>
  <testcase name="should timeout if RxBleGattCallback.onCharacteristicWrite() won't trigger in 30 seconds[2]" classname="com.polidea.rxandroidble.internal.operations.OperationCharacteristicLongWriteTest" time="0.001"/>
  <testcase name="should emit error if batchSizeProvider will provide value not greater than zero[0]" classname="com.polidea.rxandroidble.internal.operations.OperationCharacteristicLongWriteTest" time="0.0"/>
  <testcase name="should emit error if batchSizeProvider will provide value not greater than zero[1]" classname="com.polidea.rxandroidble.internal.operations.OperationCharacteristicLongWriteTest" time="0.0"/>
  <testcase name="should release queue after next batch if unsubscribed[0]" classname="com.polidea.rxandroidble.internal.operations.OperationCharacteristicLongWriteTest" time="0.0"/>
  <testcase name="should release queue after next batch if unsubscribed[1]" classname="com.polidea.rxandroidble.internal.operations.OperationCharacteristicLongWriteTest" time="0.0"/>
  <system-out><![CDATA[]]></system-out>
  <system-err><![CDATA[]]></system-err>
</testsuite>
