<?xml version="1.0" encoding="UTF-8"?>
<testsuite name="com.polidea.rxandroidble.helpers.ByteArrayBatchObservableTest" tests="15" skipped="0" failures="0" errors="0" timestamp="2023-03-07T00:08:15" hostname="Desk-James" time="0.034">
  <properties/>
  <testcase name="should emit correct number of batches and complete[0]" classname="com.polidea.rxandroidble.helpers.ByteArrayBatchObservableTest" time="0.016"/>
  <testcase name="should emit correct number of batches and complete[1]" classname="com.polidea.rxandroidble.helpers.ByteArrayBatchObservableTest" time="0.0"/>
  <testcase name="should emit correct number of batches and complete[2]" classname="com.polidea.rxandroidble.helpers.ByteArrayBatchObservableTest" time="0.0"/>
  <testcase name="should emit correct number of batches and complete[3]" classname="com.polidea.rxandroidble.helpers.ByteArrayBatchObservableTest" time="0.001"/>
  <testcase name="should emit all but last batches of correct size[0]" classname="com.polidea.rxandroidble.helpers.ByteArrayBatchObservableTest" time="0.007"/>
  <testcase name="should emit all but last batches of correct size[1]" classname="com.polidea.rxandroidble.helpers.ByteArrayBatchObservableTest" time="0.002"/>
  <testcase name="should emit all but last batches of correct size[2]" classname="com.polidea.rxandroidble.helpers.ByteArrayBatchObservableTest" time="0.001"/>
  <testcase name="should emit last batches of correct size[0]" classname="com.polidea.rxandroidble.helpers.ByteArrayBatchObservableTest" time="0.0"/>
  <testcase name="should emit last batches of correct size[1]" classname="com.polidea.rxandroidble.helpers.ByteArrayBatchObservableTest" time="0.0"/>
  <testcase name="should emit last batches of correct size[2]" classname="com.polidea.rxandroidble.helpers.ByteArrayBatchObservableTest" time="0.0"/>
  <testcase name="should emit proper batches" classname="com.polidea.rxandroidble.helpers.ByteArrayBatchObservableTest" time="0.004"/>
  <testcase name="should emit values from the state of the byte array at the time of creation" classname="com.polidea.rxandroidble.helpers.ByteArrayBatchObservableTest" time="0.0"/>
  <testcase name="should throw IllegalArgumentException when called with maxBatchSize &lt;= 0[0]" classname="com.polidea.rxandroidble.helpers.ByteArrayBatchObservableTest" time="0.0"/>
  <testcase name="should throw IllegalArgumentException when called with maxBatchSize &lt;= 0[1]" classname="com.polidea.rxandroidble.helpers.ByteArrayBatchObservableTest" time="0.0"/>
  <testcase name="should throw IllegalArgumentException when called with maxBatchSize &lt;= 0[2]" classname="com.polidea.rxandroidble.helpers.ByteArrayBatchObservableTest" time="0.0"/>
  <system-out><![CDATA[]]></system-out>
  <system-err><![CDATA[]]></system-err>
</testsuite>
