<?xml version="1.0" encoding="UTF-8"?>
<testsuite name="com.polidea.rxandroidble.internal.util.LocationServicesStatusApi18Test" tests="2" skipped="0" failures="0" errors="0" timestamp="2023-03-07T00:08:19" hostname="Desk-James" time="0.003">
  <properties/>
  <testcase name="isLocationPermissionOk should return true" classname="com.polidea.rxandroidble.internal.util.LocationServicesStatusApi18Test" time="0.003"/>
  <testcase name="isLocationProviderOk should return true" classname="com.polidea.rxandroidble.internal.util.LocationServicesStatusApi18Test" time="0.0"/>
  <system-out><![CDATA[]]></system-out>
  <system-err><![CDATA[]]></system-err>
</testsuite>
