<?xml version="1.0" encoding="UTF-8"?>
<testsuite name="com.polidea.rxandroidble.internal.operations.OperationConnectionPriorityRequestTest" tests="3" skipped="0" failures="0" errors="0" timestamp="2023-03-07T00:08:17" hostname="Desk-James" time="0.007">
  <properties/>
  <testcase name="should call BluetoothGatt.requestConnectionPriority(int) exactly once when run()" classname="com.polidea.rxandroidble.internal.operations.OperationConnectionPriorityRequestTest" time="0.006"/>
  <testcase name="should complete after specified time if BluetoothGatt.requestConnectionPriority() will return true" classname="com.polidea.rxandroidble.internal.operations.OperationConnectionPriorityRequestTest" time="0.001"/>
  <testcase name="should throw exception if operation failed" classname="com.polidea.rxandroidble.internal.operations.OperationConnectionPriorityRequestTest" time="0.0"/>
  <system-out><![CDATA[]]></system-out>
  <system-err><![CDATA[]]></system-err>
</testsuite>
