<?xml version="1.0" encoding="UTF-8"?>
<testsuite name="com.polidea.rxandroidble.internal.operations.OperationCharacteristicReadTest" tests="13" skipped="0" failures="0" errors="0" timestamp="2023-03-07T00:08:17" hostname="Desk-James" time="0.009">
  <properties/>
  <testcase name="should call BluetoothGatt.readCharacteristic() only once on single read when run()" classname="com.polidea.rxandroidble.internal.operations.OperationCharacteristicReadTest" time="0.002"/>
  <testcase name="asObservable() should not emit error when BluetoothGatt.readCharacteristic() returns true while run()" classname="com.polidea.rxandroidble.internal.operations.OperationCharacteristicReadTest" time="0.002"/>
  <testcase name="asObservable() should emit error when BluetoothGatt.readCharacteristic() returns false while run()" classname="com.polidea.rxandroidble.internal.operations.OperationCharacteristicReadTest" time="0.001"/>
  <testcase name="asObservable() should emit error when RxBleGattCallback.getOnCharacteristicRead() emits error" classname="com.polidea.rxandroidble.internal.operations.OperationCharacteristicReadTest" time="0.001"/>
  <testcase name="asObservable() should not emit when RxBleGattCallback.getOnCharacteristicRead() emits before run()" classname="com.polidea.rxandroidble.internal.operations.OperationCharacteristicReadTest" time="0.0"/>
  <testcase name="asObservable() should emit next when RxBleGattCallback.getOnCharacteristicRead() emits next" classname="com.polidea.rxandroidble.internal.operations.OperationCharacteristicReadTest" time="0.001"/>
  <testcase name="asObservable() emit only first characteristic value notified" classname="com.polidea.rxandroidble.internal.operations.OperationCharacteristicReadTest" time="0.0"/>
  <testcase name="asObservable() not emit characteristic value if BLE notified only with non matching characteristics" classname="com.polidea.rxandroidble.internal.operations.OperationCharacteristicReadTest" time="0.0"/>
  <testcase name="asObservable() emit only characteristic value with matching UUID" classname="com.polidea.rxandroidble.internal.operations.OperationCharacteristicReadTest" time="0.0"/>
  <testcase name="should release QueueReleaseInterface after successful read" classname="com.polidea.rxandroidble.internal.operations.OperationCharacteristicReadTest" time="0.001"/>
  <testcase name="should release QueueReleaseInterface when read failed to start" classname="com.polidea.rxandroidble.internal.operations.OperationCharacteristicReadTest" time="0.0"/>
  <testcase name="should release QueueReleaseInterface when read failed" classname="com.polidea.rxandroidble.internal.operations.OperationCharacteristicReadTest" time="0.0"/>
  <testcase name="should timeout if RxBleGattCallback.onCharacteristicRead() won't trigger in 30 seconds" classname="com.polidea.rxandroidble.internal.operations.OperationCharacteristicReadTest" time="0.001"/>
  <system-out><![CDATA[]]></system-out>
  <system-err><![CDATA[]]></system-err>
</testsuite>
