<?xml version="1.0" encoding="UTF-8"?>
<testsuite name="com.polidea.rxandroidble.internal.connection.MtuWatcherTest" tests="7" skipped="0" failures="0" errors="0" timestamp="2023-03-07T00:08:16" hostname="Desk-James" time="0.013">
  <properties/>
  <testcase name="should return initial value before onMtuChanged emits[0]" classname="com.polidea.rxandroidble.internal.connection.MtuWatcherTest" time="0.005"/>
  <testcase name="should return initial value before onMtuChanged emits[1]" classname="com.polidea.rxandroidble.internal.connection.MtuWatcherTest" time="0.0"/>
  <testcase name="after subscription should return new MTU after onMtuChanged emits[0]" classname="com.polidea.rxandroidble.internal.connection.MtuWatcherTest" time="0.006"/>
  <testcase name="after subscription should return new MTU after onMtuChanged emits[1]" classname="com.polidea.rxandroidble.internal.connection.MtuWatcherTest" time="0.0"/>
  <testcase name="after subscription should return new MTU after onMtuChanges emits (even if onMtuChanges emitted an error before)[0]" classname="com.polidea.rxandroidble.internal.connection.MtuWatcherTest" time="0.001"/>
  <testcase name="after subscription should return new MTU after onMtuChanges emits (even if onMtuChanges emitted an error before)[1]" classname="com.polidea.rxandroidble.internal.connection.MtuWatcherTest" time="0.0"/>
  <testcase name="should subscribe from RxBleGattCallback.getOnMtuChanged() accordingly" classname="com.polidea.rxandroidble.internal.connection.MtuWatcherTest" time="0.001"/>
  <system-out><![CDATA[]]></system-out>
  <system-err><![CDATA[]]></system-err>
</testsuite>
