<?xml version="1.0" encoding="UTF-8"?>
<testsuite name="com.polidea.rxandroidble.internal.connection.BluetoothGattProviderTest" tests="2" skipped="0" failures="0" errors="0" timestamp="2023-03-07T00:08:15" hostname="Desk-James" time="0.009">
  <properties/>
  <testcase name="should return null when asked for GATT initially" classname="com.polidea.rxandroidble.internal.connection.BluetoothGattProviderTest" time="0.004"/>
  <testcase name="should provide most first captured GATT instance" classname="com.polidea.rxandroidble.internal.connection.BluetoothGattProviderTest" time="0.005"/>
  <system-out><![CDATA[]]></system-out>
  <system-err><![CDATA[]]></system-err>
</testsuite>
