<?xml version="1.0" encoding="UTF-8"?>
<testsuite name="com.polidea.rxandroidble.internal.util.RxBleAdapterWrapperTest" tests="6" skipped="0" failures="0" errors="0" timestamp="2023-03-07T00:08:19" hostname="Desk-James" time="0.01">
  <properties/>
  <testcase name="should check if adapter is provided" classname="com.polidea.rxandroidble.internal.util.RxBleAdapterWrapperTest" time="0.006"/>
  <testcase name="should pass through getRemoteDevice()" classname="com.polidea.rxandroidble.internal.util.RxBleAdapterWrapperTest" time="0.0"/>
  <testcase name="should pass through startLeScan()" classname="com.polidea.rxandroidble.internal.util.RxBleAdapterWrapperTest" time="0.002"/>
  <testcase name="should pass through stopScan()" classname="com.polidea.rxandroidble.internal.util.RxBleAdapterWrapperTest" time="0.0"/>
  <testcase name="should check if bluetooth is enabled" classname="com.polidea.rxandroidble.internal.util.RxBleAdapterWrapperTest" time="0.0"/>
  <testcase name="should not throw NullPointerException if BluetoothAdapter.getBluetoothLeScanner() will return null in .stopScan(ScanCallback)" classname="com.polidea.rxandroidble.internal.util.RxBleAdapterWrapperTest" time="0.002"/>
  <system-out><![CDATA[]]></system-out>
  <system-err><![CDATA[]]></system-err>
</testsuite>
