<?xml version="1.0" encoding="UTF-8"?>
<testsuite name="com.polidea.rxandroidble.internal.DeviceComponentCacheTest" tests="5" skipped="0" failures="0" errors="0" timestamp="2023-03-07T00:08:17" hostname="Desk-James" time="0.013">
  <properties/>
  <testcase name="should get cached item if is hard referenced" classname="com.polidea.rxandroidble.internal.DeviceComponentCacheTest" time="0.011"/>
  <testcase name="should get all cached items if are hard referenced" classname="com.polidea.rxandroidble.internal.DeviceComponentCacheTest" time="0.001"/>
  <testcase name="should return null if cached item was garbage collected" classname="com.polidea.rxandroidble.internal.DeviceComponentCacheTest" time="0.001"/>
  <testcase name="should not contain value after cache was cleared" classname="com.polidea.rxandroidble.internal.DeviceComponentCacheTest" time="0.0"/>
  <testcase name="should return null if entry was removed" classname="com.polidea.rxandroidble.internal.DeviceComponentCacheTest" time="0.0"/>
  <system-out><![CDATA[]]></system-out>
  <system-err><![CDATA[]]></system-err>
</testsuite>
