<?xml version="1.0" encoding="UTF-8"?>
<testsuite name="com.polidea.rxandroidble.internal.connection.RxBleGattCallbackPerformanceTest" tests="3" skipped="2" failures="0" errors="0" timestamp="2023-03-07T00:08:12" hostname="Desk-James" time="0.004">
  <properties/>
  <testcase name="sanity check" classname="com.polidea.rxandroidble.internal.connection.RxBleGattCallbackPerformanceTest" time="0.004"/>
  <testcase name="performance test gatt callback using RxJava API" classname="com.polidea.rxandroidble.internal.connection.RxBleGattCallbackPerformanceTest" time="0.0">
    <skipped/>
  </testcase>
  <testcase name="performance test gatt callback using native callbacks" classname="com.polidea.rxandroidble.internal.connection.RxBleGattCallbackPerformanceTest" time="0.0">
    <skipped/>
  </testcase>
  <system-out><![CDATA[]]></system-out>
  <system-err><![CDATA[]]></system-err>
</testsuite>
