<?xml version="1.0" encoding="UTF-8"?>
<testsuite name="com.polidea.rxandroidble.internal.operations.OperationReadRssiTest" tests="5" skipped="0" failures="0" errors="0" timestamp="2023-03-07T00:08:12" hostname="Desk-James" time="0.004">
  <properties/>
  <testcase name="should call BluetoothGatt.readRemoteRssi() exactly once when run()" classname="com.polidea.rxandroidble.internal.operations.OperationReadRssiTest" time="0.002"/>
  <testcase name="should emit an error if BluetoothGatt.readRemoteRssi() returns false" classname="com.polidea.rxandroidble.internal.operations.OperationReadRssiTest" time="0.001"/>
  <testcase name="should emit and error if RxBleGattCallback will emit error on getOnRssiRead() and release queue" classname="com.polidea.rxandroidble.internal.operations.OperationReadRssiTest" time="0.0"/>
  <testcase name="should emit exactly one value when RxBleGattCallback.getOnRssiRead() emits value" classname="com.polidea.rxandroidble.internal.operations.OperationReadRssiTest" time="0.0"/>
  <testcase name="should timeout if RxBleGattCallback.onReadRssi() won't trigger in 30 seconds" classname="com.polidea.rxandroidble.internal.operations.OperationReadRssiTest" time="0.001"/>
  <system-out><![CDATA[]]></system-out>
  <system-err><![CDATA[]]></system-err>
</testsuite>
