<?xml version="1.0" encoding="UTF-8"?>
<testsuite name="com.polidea.rxandroidble.internal.serialization.OperationPriorityFifoBlockingQueueTest" tests="18" skipped="0" failures="0" errors="0" timestamp="2023-03-07T00:08:13" hostname="Desk-James" time="0.005">
  <properties/>
  <testcase name="should return operations in proper order 0" classname="com.polidea.rxandroidble.internal.serialization.OperationPriorityFifoBlockingQueueTest" time="0.001"/>
  <testcase name="should return operations in proper order 1" classname="com.polidea.rxandroidble.internal.serialization.OperationPriorityFifoBlockingQueueTest" time="0.0"/>
  <testcase name="should return operations in proper order 2" classname="com.polidea.rxandroidble.internal.serialization.OperationPriorityFifoBlockingQueueTest" time="0.0"/>
  <testcase name="should return operations in proper order 3" classname="com.polidea.rxandroidble.internal.serialization.OperationPriorityFifoBlockingQueueTest" time="0.0"/>
  <testcase name="should return operations in proper order 4" classname="com.polidea.rxandroidble.internal.serialization.OperationPriorityFifoBlockingQueueTest" time="0.0"/>
  <testcase name="should return operations in proper order 5" classname="com.polidea.rxandroidble.internal.serialization.OperationPriorityFifoBlockingQueueTest" time="0.0"/>
  <testcase name="should return operations in proper order 6" classname="com.polidea.rxandroidble.internal.serialization.OperationPriorityFifoBlockingQueueTest" time="0.0"/>
  <testcase name="should return operations in proper order 7" classname="com.polidea.rxandroidble.internal.serialization.OperationPriorityFifoBlockingQueueTest" time="0.0"/>
  <testcase name="should return operations in proper order 8" classname="com.polidea.rxandroidble.internal.serialization.OperationPriorityFifoBlockingQueueTest" time="0.0"/>
  <testcase name="should return operations in proper order 9" classname="com.polidea.rxandroidble.internal.serialization.OperationPriorityFifoBlockingQueueTest" time="0.0"/>
  <testcase name="should return operations in proper order 10" classname="com.polidea.rxandroidble.internal.serialization.OperationPriorityFifoBlockingQueueTest" time="0.0"/>
  <testcase name="should return operations in proper order 11" classname="com.polidea.rxandroidble.internal.serialization.OperationPriorityFifoBlockingQueueTest" time="0.001"/>
  <testcase name="should return operations in proper order 12" classname="com.polidea.rxandroidble.internal.serialization.OperationPriorityFifoBlockingQueueTest" time="0.0"/>
  <testcase name="should return operations in proper order 13" classname="com.polidea.rxandroidble.internal.serialization.OperationPriorityFifoBlockingQueueTest" time="0.0"/>
  <testcase name="should not return item if it was removed[0]" classname="com.polidea.rxandroidble.internal.serialization.OperationPriorityFifoBlockingQueueTest" time="0.002"/>
  <testcase name="should not return item if it was removed[1]" classname="com.polidea.rxandroidble.internal.serialization.OperationPriorityFifoBlockingQueueTest" time="0.0"/>
  <testcase name="should not return item if it was removed[2]" classname="com.polidea.rxandroidble.internal.serialization.OperationPriorityFifoBlockingQueueTest" time="0.0"/>
  <testcase name="should not return item if it was removed[3]" classname="com.polidea.rxandroidble.internal.serialization.OperationPriorityFifoBlockingQueueTest" time="0.0"/>
  <system-out><![CDATA[]]></system-out>
  <system-err><![CDATA[]]></system-err>
</testsuite>
