<?xml version="1.0" encoding="UTF-8"?>
<testsuite name="com.polidea.rxandroidble.exceptions.BleDisconnectedExceptionTest" tests="2" skipped="0" failures="0" errors="0" timestamp="2023-03-07T00:08:08" hostname="Desk-James" time="0.012">
  <properties/>
  <testcase name="toString should include message with unknown status" classname="com.polidea.rxandroidble.exceptions.BleDisconnectedExceptionTest" time="0.006"/>
  <testcase name="toString should include message with status" classname="com.polidea.rxandroidble.exceptions.BleDisconnectedExceptionTest" time="0.006"/>
  <system-out><![CDATA[]]></system-out>
  <system-err><![CDATA[]]></system-err>
</testsuite>
