<?xml version="1.0" encoding="UTF-8"?>
<testsuite name="com.polidea.rxandroidble.RxBleAdapterStateObservableTest" tests="4" skipped="0" failures="0" errors="0" timestamp="2023-03-07T00:08:14" hostname="Desk-James" time="0.009">
  <properties/>
  <testcase name="should register to correct receiver on subscribe" classname="com.polidea.rxandroidble.RxBleAdapterStateObservableTest" time="0.006"/>
  <testcase name="should unregister after observable was unsubscribed" classname="com.polidea.rxandroidble.RxBleAdapterStateObservableTest" time="0.002"/>
  <testcase name="should map all bluetooth change states" classname="com.polidea.rxandroidble.RxBleAdapterStateObservableTest" time="0.001"/>
  <testcase name="should report if state is usable" classname="com.polidea.rxandroidble.RxBleAdapterStateObservableTest" time="0.0"/>
  <system-out><![CDATA[]]></system-out>
  <system-err><![CDATA[]]></system-err>
</testsuite>
