<?xml version="1.0" encoding="UTF-8"?>
<testsuite name="com.polidea.rxandroidble.internal.operations.OperationScanLegacyTest" tests="6" skipped="0" failures="0" errors="0" timestamp="2023-03-07T00:08:12" hostname="Desk-James" time="0.016">
  <properties/>
  <testcase name="should call RxBleAdapterWrapper.startScan() when run()" classname="com.polidea.rxandroidble.internal.operations.OperationScanLegacyTest" time="0.009"/>
  <testcase name="asObservable() should not emit error when RxBleAdapterWrapper.startScan() returns true" classname="com.polidea.rxandroidble.internal.operations.OperationScanLegacyTest" time="0.0"/>
  <testcase name="asObservable() should emit error when RxBleAdapterWrapper.startScan() returns false" classname="com.polidea.rxandroidble.internal.operations.OperationScanLegacyTest" time="0.001"/>
  <testcase name="asObservable() should emit values when BleScanCallback will get scan results" classname="com.polidea.rxandroidble.internal.operations.OperationScanLegacyTest" time="0.005"/>
  <testcase name="should release queue after run()[0]" classname="com.polidea.rxandroidble.internal.operations.OperationScanLegacyTest" time="0.001"/>
  <testcase name="should release queue after run()[1]" classname="com.polidea.rxandroidble.internal.operations.OperationScanLegacyTest" time="0.0"/>
  <system-out><![CDATA[]]></system-out>
  <system-err><![CDATA[]]></system-err>
</testsuite>
