<?xml version="1.0" encoding="UTF-8"?>
<testsuite name="com.polidea.rxandroidble.internal.util.UUIDUtilTest" tests="4" skipped="0" failures="0" errors="0" timestamp="2023-03-07T00:08:14" hostname="Desk-James" time="0.003">
  <properties/>
  <testcase name="should extract 32-bit UUIDs" classname="com.polidea.rxandroidble.internal.util.UUIDUtilTest" time="0.002"/>
  <testcase name="should not throw if fed with unknown data type that suggest longer length than actual" classname="com.polidea.rxandroidble.internal.util.UUIDUtilTest" time="0.0"/>
  <testcase name="should not throw if unknown data type length is &gt;128" classname="com.polidea.rxandroidble.internal.util.UUIDUtilTest" time="0.0"/>
  <testcase name="should extract 32-bit UUIDs after a long unknown data type" classname="com.polidea.rxandroidble.internal.util.UUIDUtilTest" time="0.001"/>
  <system-out><![CDATA[]]></system-out>
  <system-err><![CDATA[]]></system-err>
</testsuite>
