<?xml version="1.0" encoding="UTF-8"?>
<testsuite name="com.polidea.rxandroidble.internal.operations.OperationDescriptorWriteTest" tests="15" skipped="0" failures="0" errors="0" timestamp="2023-03-07T00:08:12" hostname="Desk-James" time="0.012">
  <properties/>
  <testcase name="should call only once BluetoothGattDescriptor.setValue() before calling BluetoothGatt.writeDescriptor() on single write when run()" classname="com.polidea.rxandroidble.internal.operations.OperationDescriptorWriteTest" time="0.004"/>
  <testcase name="asObservable() should not emit error when BluetoothGatt.writeDescriptor() returns true while run()" classname="com.polidea.rxandroidble.internal.operations.OperationDescriptorWriteTest" time="0.003"/>
  <testcase name="asObservable() should emit error when BluetoothGatt.writeDescriptor() returns false while run()" classname="com.polidea.rxandroidble.internal.operations.OperationDescriptorWriteTest" time="0.001"/>
  <testcase name="asObservable() should emit error when RxBleGattCallback.getOnDescriptorWrite() emits error" classname="com.polidea.rxandroidble.internal.operations.OperationDescriptorWriteTest" time="0.001"/>
  <testcase name="asObservable() should not emit when RxBleGattCallback.getOnDescriptorWrite() emits before run()" classname="com.polidea.rxandroidble.internal.operations.OperationDescriptorWriteTest" time="0.0"/>
  <testcase name="asObservable() should emit next when RxBleGattCallback.getOnDescriptorWrite() emits next" classname="com.polidea.rxandroidble.internal.operations.OperationDescriptorWriteTest" time="0.001"/>
  <testcase name="asObservable() emit only first descriptor value notified" classname="com.polidea.rxandroidble.internal.operations.OperationDescriptorWriteTest" time="0.0"/>
  <testcase name="asObservable() not emit descriptor value if BLE notified only with non matching descriptor" classname="com.polidea.rxandroidble.internal.operations.OperationDescriptorWriteTest" time="0.0"/>
  <testcase name="asObservable() emit only value of matching descriptor" classname="com.polidea.rxandroidble.internal.operations.OperationDescriptorWriteTest" time="0.0"/>
  <testcase name="should release QueueReleaseInterface after successful write" classname="com.polidea.rxandroidble.internal.operations.OperationDescriptorWriteTest" time="0.0"/>
  <testcase name="should release QueueReleaseInterface when write failed to start" classname="com.polidea.rxandroidble.internal.operations.OperationDescriptorWriteTest" time="0.0"/>
  <testcase name="should release QueueReleaseInterface when write failed" classname="com.polidea.rxandroidble.internal.operations.OperationDescriptorWriteTest" time="0.0"/>
  <testcase name="should set parent BluetoothGattCharacteristic.writeType() to WRITE_TYPE_DEFAULT before calling BluetoothGatt.writeCharacteristic() and reset it to original value afterwards[0]" classname="com.polidea.rxandroidble.internal.operations.OperationDescriptorWriteTest" time="0.0"/>
  <testcase name="should set parent BluetoothGattCharacteristic.writeType() to WRITE_TYPE_DEFAULT before calling BluetoothGatt.writeCharacteristic() and reset it to original value afterwards[1]" classname="com.polidea.rxandroidble.internal.operations.OperationDescriptorWriteTest" time="0.0"/>
  <testcase name="should timeout if RxBleGattCallback.onDescriptorWrite() won't trigger in 30 seconds" classname="com.polidea.rxandroidble.internal.operations.OperationDescriptorWriteTest" time="0.001"/>
  <system-out><![CDATA[]]></system-out>
  <system-err><![CDATA[]]></system-err>
</testsuite>
