<?xml version="1.0" encoding="UTF-8"?>
<testsuite name="com.polidea.rxandroidble.internal.operations.OperationMtuRequestTest" tests="4" skipped="0" failures="0" errors="0" timestamp="2023-03-07T00:08:12" hostname="Desk-James" time="0.006">
  <properties/>
  <testcase name="should call BluetoothGatt.requestMtu(int) exactly once when run()" classname="com.polidea.rxandroidble.internal.operations.OperationMtuRequestTest" time="0.004"/>
  <testcase name="should emit an error if BluetoothGatt.requestMtu(int) returns false" classname="com.polidea.rxandroidble.internal.operations.OperationMtuRequestTest" time="0.001"/>
  <testcase name="should emit an error if RxBleGattCallback will emit error on RxBleGattCallback.getOnMtuChanged() and release queue" classname="com.polidea.rxandroidble.internal.operations.OperationMtuRequestTest" time="0.0"/>
  <testcase name="should timeout if will not response after 10 seconds " classname="com.polidea.rxandroidble.internal.operations.OperationMtuRequestTest" time="0.001"/>
  <system-out><![CDATA[]]></system-out>
  <system-err><![CDATA[]]></system-err>
</testsuite>
