<?xml version="1.0" encoding="UTF-8"?>
<testsuite name="com.polidea.rxandroidble.internal.util.LocationServicesOkObservableApi23Test" tests="4" skipped="0" failures="0" errors="0" timestamp="2023-03-07T00:08:14" hostname="Desk-James" time="0.056">
  <properties/>
  <testcase name="should register to correct receiver on subscribe" classname="com.polidea.rxandroidble.internal.util.LocationServicesOkObservableApi23Test" time="0.033"/>
  <testcase name="should unregister after observable was unsubscribed" classname="com.polidea.rxandroidble.internal.util.LocationServicesOkObservableApi23Test" time="0.002"/>
  <testcase name="should emit what LocationServicesStatus.isLocationProviderOk() returns on subscribe and on next broadcasts" classname="com.polidea.rxandroidble.internal.util.LocationServicesOkObservableApi23Test" time="0.021"/>
  <testcase name="should not emit what LocationServicesStatus.isLocationProviderOk() returns on next broadcasts if the value does not change" classname="com.polidea.rxandroidble.internal.util.LocationServicesOkObservableApi23Test" time="0.0"/>
  <system-out><![CDATA[]]></system-out>
  <system-err><![CDATA[]]></system-err>
</testsuite>
