<?xml version="1.0" encoding="UTF-8"?>
<testsuite name="com.polidea.rxandroidble.internal.operations.OperationScanApi18Test" tests="7" skipped="0" failures="0" errors="0" timestamp="2023-03-07T00:08:12" hostname="Desk-James" time="0.018">
  <properties/>
  <testcase name="asObservable() should not emit error when RxBleAdapterWrapper.startScan() returns true" classname="com.polidea.rxandroidble.internal.operations.OperationScanApi18Test" time="0.013"/>
  <testcase name="asObservable() should emit error when RxBleAdapterWrapper.startScan() returns false" classname="com.polidea.rxandroidble.internal.operations.OperationScanApi18Test" time="0.0"/>
  <testcase name="should call InternalScanResultCreator and emit value when BleScanCallback will get scan result" classname="com.polidea.rxandroidble.internal.operations.OperationScanApi18Test" time="0.004"/>
  <testcase name="should call EmulatedScanFilterMatches.matches() and emit value depending on returned values (if any matches)[0]" classname="com.polidea.rxandroidble.internal.operations.OperationScanApi18Test" time="0.0"/>
  <testcase name="should call EmulatedScanFilterMatches.matches() and emit value depending on returned values (if any matches)[1]" classname="com.polidea.rxandroidble.internal.operations.OperationScanApi18Test" time="0.0"/>
  <testcase name="should release queue after run()[0]" classname="com.polidea.rxandroidble.internal.operations.OperationScanApi18Test" time="0.0"/>
  <testcase name="should release queue after run()[1]" classname="com.polidea.rxandroidble.internal.operations.OperationScanApi18Test" time="0.0"/>
  <system-out><![CDATA[]]></system-out>
  <system-err><![CDATA[]]></system-err>
</testsuite>
