<?xml version="1.0" encoding="UTF-8"?>
<testsuite name="com.polidea.rxandroidble.internal.serialization.OperationSynchronizerTest" tests="6" skipped="0" failures="0" errors="0" timestamp="2023-03-07T00:08:13" hostname="Desk-James" time="1.282">
  <properties/>
  <testcase name="should run operation instantly if queue is empty and no operation is in progress" classname="com.polidea.rxandroidble.internal.serialization.OperationSynchronizerTest" time="0.016"/>
  <testcase name="should not run second operation until first release queue" classname="com.polidea.rxandroidble.internal.serialization.OperationSynchronizerTest" time="0.219"/>
  <testcase name="should not run operation if it was unsubscribed before was taken from the queue" classname="com.polidea.rxandroidble.internal.serialization.OperationSynchronizerTest" time="0.408"/>
  <testcase name="should emit onNext from operation" classname="com.polidea.rxandroidble.internal.serialization.OperationSynchronizerTest" time="0.206"/>
  <testcase name="should emit onNext and release queue if completed" classname="com.polidea.rxandroidble.internal.serialization.OperationSynchronizerTest" time="0.208"/>
  <testcase name="should emit onError and release queue if error occured" classname="com.polidea.rxandroidble.internal.serialization.OperationSynchronizerTest" time="0.225"/>
  <system-out><![CDATA[]]></system-out>
  <system-err><![CDATA[]]></system-err>
</testsuite>
