<?xml version="1.0" encoding="UTF-8"?>
<testsuite name="com.polidea.rxandroidble.exceptions.BleGattExceptionTest" tests="1" skipped="0" failures="0" errors="0" timestamp="2023-03-07T00:08:08" hostname="Desk-James" time="0.008">
  <properties/>
  <testcase name="toString should include message" classname="com.polidea.rxandroidble.exceptions.BleGattExceptionTest" time="0.008"/>
  <system-out><![CDATA[]]></system-out>
  <system-err><![CDATA[]]></system-err>
</testsuite>
