<?xml version="1.0" encoding="UTF-8"?>
<testsuite name="com.polidea.rxandroidble.internal.operations.OperationConnectTest" tests="10" skipped="0" failures="0" errors="0" timestamp="2023-03-07T00:08:12" hostname="Desk-James" time="0.013">
  <properties/>
  <testcase name="asObservable() should not emit onNext before connection is established" classname="com.polidea.rxandroidble.internal.operations.OperationConnectTest" time="0.009"/>
  <testcase name="asObservable() should emit onNext after connection is established" classname="com.polidea.rxandroidble.internal.operations.OperationConnectTest" time="0.0"/>
  <testcase name="asObservable() should emit onNext with BluetoothGatt after connection is established" classname="com.polidea.rxandroidble.internal.operations.OperationConnectTest" time="0.001"/>
  <testcase name="should complete after successful connection" classname="com.polidea.rxandroidble.internal.operations.OperationConnectTest" time="0.0"/>
  <testcase name="should release QueueReleaseInterface after successful connection" classname="com.polidea.rxandroidble.internal.operations.OperationConnectTest" time="0.0"/>
  <testcase name="should release QueueReleaseInterface when connection failed" classname="com.polidea.rxandroidble.internal.operations.OperationConnectTest" time="0.0"/>
  <testcase name="should release QueueReleaseInterface when unsubscribed before connection is established" classname="com.polidea.rxandroidble.internal.operations.OperationConnectTest" time="0.001"/>
  <testcase name="should emit BluetoothGattCallbackTimeoutException with a valid mac address on CallbackTimeout" classname="com.polidea.rxandroidble.internal.operations.OperationConnectTest" time="0.001"/>
  <testcase name="should call connectionStateChangedAction with CONNECTING when run" classname="com.polidea.rxandroidble.internal.operations.OperationConnectTest" time="0.0"/>
  <testcase name="should call connectionStateChangedAction with CONNECTED when connected" classname="com.polidea.rxandroidble.internal.operations.OperationConnectTest" time="0.0"/>
  <system-out><![CDATA[]]></system-out>
  <system-err><![CDATA[]]></system-err>
</testsuite>
